
/home/runner/work/exp-biomed-system-iitr/exp-biomed-system-iitr/experiment/simulation/js/index-B_sYhJW8.js
    325:20   warning  'process' is not defined                                                   no-undef
    327:13   warning  'process' is not defined                                                   no-undef
    636:43   warning  'setImmediate' is not defined                                              no-undef
    699:17   warning  Unreachable code                                                           no-unreachable
   1046:16   warning  '__REACT_DEVTOOLS_GLOBAL_HOOK__' is not defined                            no-undef
   1050:9    warning  '__REACT_DEVTOOLS_GLOBAL_HOOK__' is not defined                            no-undef
   1251:19   warning  Empty block statement                                                      no-empty
   1333:15   warning  Empty block statement                                                      no-empty
   1656:12   warning  Unexpected combined character in character class                           no-misleading-character-class
   1850:13   warning  Expected a conditional expression and instead saw an assignment            no-cond-assign
   1921:10   warning  Do not access Object.prototype method 'hasOwnProperty' from target object  no-prototype-builtins
   2049:16   warning  Do not access Object.prototype method 'hasOwnProperty' from target object  no-prototype-builtins
   2125:12   warning  Do not access Object.prototype method 'hasOwnProperty' from target object  no-prototype-builtins
   2126:27   warning  Do not access Object.prototype method 'hasOwnProperty' from target object  no-prototype-builtins
   2133:23   warning  Do not access Object.prototype method 'hasOwnProperty' from target object  no-prototype-builtins
   2134:31   warning  Do not access Object.prototype method 'hasOwnProperty' from target object  no-prototype-builtins
   2233:7    warning  Unexpected control character(s) in regular expression: \x00, \x1f          no-control-regex
   2367:9    warning  Expected to return a value in method 'get'                                 getter-return
   2417:11   warning  Do not access Object.prototype method 'hasOwnProperty' from target object  no-prototype-builtins
   2436:41   warning  Invalid typeof comparison value                                            valid-typeof
   2444:42   warning  Invalid typeof comparison value                                            valid-typeof
   2581:10   warning  Expected a conditional expression and instead saw an assignment            no-cond-assign
   2969:24   warning  Do not access Object.prototype method 'hasOwnProperty' from target object  no-prototype-builtins
   3835:15   warning  Expected a 'break' statement before 'case'                                 no-fallthrough
   3872:16   warning  Unexpected constant condition                                              no-constant-condition
   4687:17   warning  Empty block statement                                                      no-empty
   4688:19   warning  Empty block statement                                                      no-empty
   5343:17   warning  Empty block statement                                                      no-empty
   5487:20   warning  'process' is not defined                                                   no-undef
   5489:13   warning  'process' is not defined                                                   no-undef
   5865:14   warning  Expected a conditional expression and instead saw an assignment            no-cond-assign
   5914:12   warning  Expected a conditional expression and instead saw an assignment            no-cond-assign
   6453:16   warning  Expected a conditional expression and instead saw an assignment            no-cond-assign
   7497:7    warning  Expected a 'break' statement before 'case'                                 no-fallthrough
   7554:15   warning  Empty block statement                                                      no-empty
   7575:7    warning  Expected a 'break' statement before 'case'                                 no-fallthrough
   7969:40   warning  Do not access Object.prototype method 'hasOwnProperty' from target object  no-prototype-builtins
   8098:9    warning  Expected a 'break' statement before 'case'                                 no-fallthrough
   8153:9    warning  Expected a 'break' statement before 'case'                                 no-fallthrough
   8565:13   warning  Expected a 'break' statement before 'case'                                 no-fallthrough
   8589:14   warning  Unexpected constant condition                                              no-constant-condition
   8762:12   warning  Unexpected constant condition                                              no-constant-condition
   8820:17   warning  Expected a 'break' statement before 'case'                                 no-fallthrough
   8851:12   warning  Unexpected constant condition                                              no-constant-condition
   8880:7    warning  Expected a 'break' statement before 'default'                              no-fallthrough
   9109:17   warning  Empty block statement                                                      no-empty
   9136:15   warning  'e' is defined but never used                                              no-unused-vars
   9164:17   warning  Empty block statement                                                      no-empty
   9266:18   warning  't' is defined but never used                                              no-unused-vars
   9438:16   warning  Expected a conditional expression and instead saw an assignment            no-cond-assign
   9658:13   warning  Expected a 'break' statement before 'case'                                 no-fallthrough
   9674:13   warning  Expected a 'break' statement before 'case'                                 no-fallthrough
   9773:20   warning  Expected a conditional expression and instead saw an assignment            no-cond-assign
   9877:11   warning  Expected a 'break' statement before 'case'                                 no-fallthrough
   9972:10   warning  Unexpected control character(s) in regular expression: \x00                no-control-regex
  10016:7    warning  Expected a 'break' statement before 'case'                                 no-fallthrough
  10251:17   warning  Do not access Object.prototype method 'hasOwnProperty' from target object  no-prototype-builtins
  10296:17   warning  Do not access Object.prototype method 'hasOwnProperty' from target object  no-prototype-builtins
  10322:17   warning  Do not access Object.prototype method 'hasOwnProperty' from target object  no-prototype-builtins
  10357:17   warning  Do not access Object.prototype method 'hasOwnProperty' from target object  no-prototype-builtins
  10367:15   warning  Expected a 'break' statement before 'default'                              no-fallthrough
  10378:17   warning  Do not access Object.prototype method 'hasOwnProperty' from target object  no-prototype-builtins
  10399:17   warning  Do not access Object.prototype method 'hasOwnProperty' from target object  no-prototype-builtins
  10430:7    warning  Expected a 'break' statement before 'case'                                 no-fallthrough
  10442:17   warning  Do not access Object.prototype method 'hasOwnProperty' from target object  no-prototype-builtins
  10454:15   warning  Do not access Object.prototype method 'hasOwnProperty' from target object  no-prototype-builtins
  10460:9    warning  Do not access Object.prototype method 'hasOwnProperty' from target object  no-prototype-builtins
  10483:17   warning  Do not access Object.prototype method 'hasOwnProperty' from target object  no-prototype-builtins
  10491:15   warning  Expected a 'break' statement before 'default'                              no-fallthrough
  10492:19   warning  Do not access Object.prototype method 'hasOwnProperty' from target object  no-prototype-builtins
  10497:30   warning  Do not access Object.prototype method 'hasOwnProperty' from target object  no-prototype-builtins
  10530:30   warning  Do not access Object.prototype method 'hasOwnProperty' from target object  no-prototype-builtins
  10536:15   warning  Expected a 'break' statement before 'default'                              no-fallthrough
  10537:19   warning  Do not access Object.prototype method 'hasOwnProperty' from target object  no-prototype-builtins
  10543:15   warning  Do not access Object.prototype method 'hasOwnProperty' from target object  no-prototype-builtins
  10554:15   warning  Expected a 'break' statement before 'default'                              no-fallthrough
  10570:15   warning  Do not access Object.prototype method 'hasOwnProperty' from target object  no-prototype-builtins
  10570:52   warning  Do not access Object.prototype method 'hasOwnProperty' from target object  no-prototype-builtins
  10584:15   warning  Do not access Object.prototype method 'hasOwnProperty' from target object  no-prototype-builtins
  10607:15   warning  Do not access Object.prototype method 'hasOwnProperty' from target object  no-prototype-builtins
  10607:53   warning  Do not access Object.prototype method 'hasOwnProperty' from target object  no-prototype-builtins
  10620:15   warning  Do not access Object.prototype method 'hasOwnProperty' from target object  no-prototype-builtins
  10648:15   warning  Do not access Object.prototype method 'hasOwnProperty' from target object  no-prototype-builtins
  10650:18   warning  Do not access Object.prototype method 'hasOwnProperty' from target object  no-prototype-builtins
  10656:15   warning  Do not access Object.prototype method 'hasOwnProperty' from target object  no-prototype-builtins
  10671:17   warning  Do not access Object.prototype method 'hasOwnProperty' from target object  no-prototype-builtins
  10673:20   warning  Do not access Object.prototype method 'hasOwnProperty' from target object  no-prototype-builtins
  10678:18   warning  Do not access Object.prototype method 'hasOwnProperty' from target object  no-prototype-builtins
  10687:11   warning  Do not access Object.prototype method 'hasOwnProperty' from target object  no-prototype-builtins
  10689:14   warning  Do not access Object.prototype method 'hasOwnProperty' from target object  no-prototype-builtins
  10694:12   warning  Do not access Object.prototype method 'hasOwnProperty' from target object  no-prototype-builtins
  11146:14   warning  Expected a conditional expression and instead saw an assignment            no-cond-assign
  11300:14   warning  Expected a conditional expression and instead saw an assignment            no-cond-assign
  12048:14   warning  '__REACT_DEVTOOLS_GLOBAL_HOOK__' is not defined                            no-undef
  12052:15   warning  Empty block statement                                                      no-empty
  12126:16   warning  '__REACT_DEVTOOLS_GLOBAL_HOOK__' is not defined                            no-undef
  12130:9    warning  '__REACT_DEVTOOLS_GLOBAL_HOOK__' is not defined                            no-undef
  12880:24   warning  'r' is defined but never used                                              no-unused-vars
  12893:11   warning  'm' is assigned a value but never used                                     no-unused-vars
  12961:19   warning  's' is defined but never used                                              no-unused-vars
  13007:16   warning  Unsafe usage of ThrowStatement                                             no-unsafe-finally
  13060:11   warning  Unsafe usage of ReturnStatement                                            no-unsafe-finally
  13062:16   warning  Unsafe usage of ThrowStatement                                             no-unsafe-finally
  13126:6    warning  'Lu' is a function                                                         no-func-assign
  13167:9    warning  Empty block statement                                                      no-empty
  13184:105  warning  Unnecessary escape character: \-                                           no-useless-escape
  13184:107  warning  Unnecessary escape character: \ .                                          no-useless-escape
  13868:13   warning  Unreachable code                                                           no-unreachable
  14720:29   warning  'o' is defined but never used                                              no-unused-vars
  15209:7    warning  Expected method 'get' to always return a value                             getter-return
  15408:30   warning  'o' is defined but never used                                              no-unused-vars
  15730:11   warning  Empty block statement                                                      no-empty
  16254:15   warning  Empty block statement                                                      no-empty
  17912:13   warning  Expected a 'break' statement before 'case'                                 no-fallthrough
  18384:15   warning  Empty block statement                                                      no-empty

✖ 115 problems (0 errors, 115 warnings)

